<?xml version="1.0" encoding="UTF-8"?>
<!-- Generated by org.testng.reporters.JUnitReportReporter -->
<testsuite name="pack1.NewTest" tests="1" time="6.162" ignored="0" failures="0" timestamp="04 Feb 2018 11:12:00 GMT" skipped="0" hostname="CBT-LAB-006" errors="0">
  <testcase name="f" time="6.162" classname="pack1.NewTest"/>
</testsuite> <!-- pack1.NewTest -->
